<?xml version="1.0" encoding="UTF-8"?>
<!-- Generated by org.testng.reporters.JUnitReportReporter -->
<testsuite hostname="QT-INBG-LT0716" failures="0" tests="1" name="testng.testcasefile" time="85.912" errors="0" timestamp="2023-08-09T15:19:28 IST" skipped="0">
  <testcase classname="testng.testcasefile" name="order_men_browncompetehoodie" time="85.912"/>
  <system-out/>
</testsuite> <!-- testng.testcasefile -->
